<?xml version="1.0" encoding="UTF-8"?>
<!-- Generated by org.testng.reporters.JUnitReportReporter -->
<testsuite hostname="DESKTOP-F5U5DKU" name="com.grootan.stepdefinition.demoTestng" tests="2" failures="0" timestamp="19 Dec 2020 14:17:54 GMT" time="0.367" errors="0">
  <testcase name="application" time="0.367" classname="com.grootan.stepdefinition.demoTestng"/>
  <testcase name="application1" time="0.000" classname="com.grootan.stepdefinition.demoTestng"/>
</testsuite> <!-- com.grootan.stepdefinition.demoTestng -->
