<?xml version="1.0" encoding="UTF-8"?>
<!-- Generated by org.testng.reporters.JUnitReportReporter -->
<testsuite hostname="DESKTOP-F5U5DKU" name="com.grootan.stepdefinition.TestCaseClass" tests="3" failures="0" timestamp="20 Dec 2020 07:07:19 GMT" time="39.370" errors="0">
  <testcase name="co_CTOAndHrImage" time="29.075" classname="com.grootan.stepdefinition.TestCaseClass"/>
  <testcase name="screenShort" time="9.956" classname="com.grootan.stepdefinition.TestCaseClass"/>
  <testcase name="candidateList" time="0.339" classname="com.grootan.stepdefinition.TestCaseClass"/>
</testsuite> <!-- com.grootan.stepdefinition.TestCaseClass -->
